uidsign/app/build/intermediates/manifest_merge_blame_file/debug/manifest-merger-blame-debug-report.txt
1<?xml version="1.0" encoding="utf-8"?>
2<manifest xmlns:android="http://schemas.android.com/apk/res/android"
3    package="com.kairan.uidesign"
4    android:versionCode="1"
5    android:versionName="1.0" >
6
7    <uses-sdk
8        android:minSdkVersion="16"
8-->src\main\AndroidManifest.xml
9        android:targetSdkVersion="30" />
9-->src\main\AndroidManifest.xml
10
11    <uses-permission android:name="android.permission.CAMERA" />
11-->src\main\AndroidManifest.xml:6:5-65
11-->src\main\AndroidManifest.xml:6:22-62
12    <uses-permission android:name="android.permission.READ_EXTERNAL_STORAGE" />
12-->src\main\AndroidManifest.xml:7:5-80
12-->src\main\AndroidManifest.xml:7:22-77
13    <uses-permission android:name="android.permission.VIBRATE" />
13-->src\main\AndroidManifest.xml:8:5-66
13-->src\main\AndroidManifest.xml:8:22-63
14    <uses-permission android:name="android.permission.INTERNET" />
14-->src\main\AndroidManifest.xml:9:5-67
14-->src\main\AndroidManifest.xml:9:22-64
15
16    <application
16-->src\main\AndroidManifest.xml:11:5-36:19
17        android:allowBackup="true"
17-->src\main\AndroidManifest.xml:12:9-35
18        android:appComponentFactory="androidx.core.app.CoreComponentFactory"
18-->[androidx.core:core:1.3.1] AndroidManifest.xml:24:18-86
19        android:debuggable="true"
20        android:icon="@drawable/somapasslogo"
20-->src\main\AndroidManifest.xml:13:9-46
21        android:label="@string/app_name"
21-->src\main\AndroidManifest.xml:14:9-41
22        android:roundIcon="@drawable/somapasslogo"
22-->src\main\AndroidManifest.xml:15:9-51
23        android:supportsRtl="true"
23-->src\main\AndroidManifest.xml:16:9-35
24        android:testOnly="true"
25        android:theme="@style/Theme.Uidesign" >
25-->src\main\AndroidManifest.xml:17:9-46
26        <activity android:name="com.kairan.uidesign.ProfileActivity" />
26-->src\main\AndroidManifest.xml:18:9-62
26-->src\main\AndroidManifest.xml:18:19-50
27        <activity android:name="com.kairan.uidesign.ScanActivity" />
27-->src\main\AndroidManifest.xml:19:9-50
27-->src\main\AndroidManifest.xml:19:19-47
28        <activity android:name="com.kairan.uidesign.MenuActivity" />
28-->src\main\AndroidManifest.xml:20:9-50
28-->src\main\AndroidManifest.xml:20:19-47
29        <activity android:name="com.kairan.uidesign.CreateAccountActivity" />
29-->src\main\AndroidManifest.xml:21:9-59
29-->src\main\AndroidManifest.xml:21:19-56
30        <activity android:name="com.kairan.uidesign.LoginActivity" />
30-->src\main\AndroidManifest.xml:22:9-51
30-->src\main\AndroidManifest.xml:22:19-48
31        <!--
32        -android:theme="@style/Theme.Uidesign.Fullscreen"
33            android:icon="@mipmap/ic_launcher"
34            android:roundIcon="@mipmap/ic_launcher_round"
35            android:theme="@style/Theme.Uidesign"
36        -->
37        <activity android:name="com.kairan.uidesign.MainActivity" >
37-->src\main\AndroidManifest.xml:29:9-35:20
37-->src\main\AndroidManifest.xml:29:19-47
38            <intent-filter>
38-->src\main\AndroidManifest.xml:30:13-34:29
39                <action android:name="android.intent.action.MAIN" />
39-->src\main\AndroidManifest.xml:31:17-69
39-->src\main\AndroidManifest.xml:31:25-66
40
41                <category android:name="android.intent.category.LAUNCHER" />
41-->src\main\AndroidManifest.xml:33:17-77
41-->src\main\AndroidManifest.xml:33:27-74
42            </intent-filter>
43        </activity>
44    </application>
45
46</manifest>